<?xml version="1.0" encoding="UTF-8"?>
<!-- Generated by org.testng.reporters.JUnitReportReporter -->
<testsuite skipped="0" hostname="DESKTOP-PT67GFP" name="program.Login" tests="1" failures="0" timestamp="29 Jun 2020 15:53:53 GMT" time="28.357" errors="0">
  <testcase name="test" time="28.357" classname="program.Login"/>
</testsuite> <!-- program.Login -->
